INFO:data_prepare:Golden pair number:2869
INFO:data_prepare:36 Pairs will be classified.
INFO:data_prepare:Document Attaching 0/36
INFO:data_prepare:Document Attaching 1/36
INFO:data_prepare:Document Attaching 2/36
INFO:data_prepare:Document Attaching 3/36
INFO:data_prepare:Document Attaching 4/36
INFO:data_prepare:Document Attaching 5/36
INFO:data_prepare:Document Attaching 6/36
INFO:data_prepare:Document Attaching 7/36
INFO:data_prepare:Document Attaching 8/36
INFO:data_prepare:Document Attaching 9/36
INFO:data_prepare:Document Attaching 10/36
INFO:data_prepare:Document Attaching 11/36
INFO:data_prepare:Document Attaching 12/36
INFO:data_prepare:Document Attaching 13/36
INFO:data_prepare:Document Attaching 14/36
INFO:data_prepare:Document Attaching 15/36
INFO:data_prepare:Document Attaching 16/36
INFO:data_prepare:Document Attaching 17/36
INFO:data_prepare:Document Attaching 18/36
INFO:data_prepare:Document Attaching 19/36
INFO:data_prepare:Document Attaching 20/36
INFO:data_prepare:Document Attaching 21/36
INFO:data_prepare:Document Attaching 22/36
INFO:data_prepare:Document Attaching 23/36
INFO:data_prepare:Document Attaching 24/36
INFO:data_prepare:Document Attaching 25/36
INFO:data_prepare:Document Attaching 26/36
INFO:data_prepare:Document Attaching 27/36
INFO:data_prepare:Document Attaching 28/36
INFO:data_prepare:Document Attaching 29/36
INFO:data_prepare:Document Attaching 30/36
INFO:data_prepare:Document Attaching 31/36
INFO:data_prepare:Document Attaching 32/36
INFO:data_prepare:Document Attaching 33/36
INFO:data_prepare:Document Attaching 34/36
INFO:data_prepare:Document Attaching 35/36
INFO:feature_extractors:Loaded language model:en_core_web_lg
INFO:data_prepare:Build dat set with 4 threads
INFO:data_prepare:Data Prepare - Thread-0: 0/9
INFO:data_prepare:Data Prepare - Thread-1: 0/9
INFO:data_prepare:Data Prepare - Thread-2: 0/9
INFO:data_prepare:Data Prepare - Thread-3: 0/9
INFO:data_prepare:Data Prepare - Thread-2: 1/9
INFO:data_prepare:Data Prepare - Thread-0: 1/9
INFO:data_prepare:Data Prepare - Thread-1: 1/9
INFO:data_prepare:Data Prepare - Thread-3: 1/9
INFO:data_prepare:Data Prepare - Thread-2: 2/9
INFO:data_prepare:Data Prepare - Thread-0: 2/9
INFO:data_prepare:Data Prepare - Thread-3: 2/9
INFO:data_prepare:Data Prepare - Thread-1: 2/9
INFO:data_prepare:Data Prepare - Thread-2: 3/9
INFO:data_prepare:Data Prepare - Thread-3: 3/9
INFO:data_prepare:Data Prepare - Thread-1: 3/9
INFO:data_prepare:Data Prepare - Thread-0: 3/9
INFO:data_prepare:Data Prepare - Thread-2: 4/9
INFO:data_prepare:Data Prepare - Thread-3: 4/9
INFO:data_prepare:Data Prepare - Thread-0: 4/9
INFO:data_prepare:Data Prepare - Thread-1: 4/9
INFO:data_prepare:Data Prepare - Thread-3: 5/9
INFO:data_prepare:Data Prepare - Thread-0: 5/9
INFO:data_prepare:Data Prepare - Thread-2: 5/9
INFO:data_prepare:Data Prepare - Thread-1: 5/9
INFO:data_prepare:Data Prepare - Thread-1: 6/9
INFO:data_prepare:Data Prepare - Thread-0: 6/9
INFO:data_prepare:Data Prepare - Thread-3: 6/9
INFO:data_prepare:Data Prepare - Thread-2: 6/9
INFO:data_prepare:Data Prepare - Thread-1: 7/9
INFO:data_prepare:Data Prepare - Thread-0: 7/9
INFO:data_prepare:Data Prepare - Thread-3: 7/9
INFO:data_prepare:Data Prepare - Thread-2: 7/9
INFO:data_prepare:Data Prepare - Thread-1: 8/9
INFO:data_prepare:Data Prepare - Thread-0: 8/9
INFO:data_prepare:Data Prepare - Thread-3: 8/9
INFO:data_prepare:Data Prepare - Thread-2: 8/9
INFO:data_prepare:Feature Vectors are pickled as G:\Projects\NLPBox\SENET\src\..\data\feature_vectors\classify_datasetv0.03_all_1.pickle
