INFO:__main__:RNN Experiemtn in mode:classify Model Version: v0.02_all
INFO:data_prepare:Golden pair number:2869
INFO:data_prepare:40 Pairs will be classified.
INFO:data_prepare:Document Attaching 0/40
INFO:data_prepare:Document Attaching 1/40
INFO:data_prepare:Document Attaching 2/40
INFO:data_prepare:Document Attaching 3/40
INFO:data_prepare:Document Attaching 4/40
INFO:data_prepare:Document Attaching 5/40
INFO:data_prepare:Document Attaching 6/40
INFO:data_prepare:Document Attaching 7/40
INFO:data_prepare:Document Attaching 8/40
INFO:data_prepare:Document Attaching 9/40
INFO:data_prepare:Document Attaching 10/40
INFO:data_prepare:Document Attaching 11/40
INFO:data_prepare:Document Attaching 12/40
INFO:data_prepare:Document Attaching 13/40
INFO:data_prepare:Document Attaching 14/40
INFO:data_prepare:Document Attaching 15/40
INFO:data_prepare:Document Attaching 16/40
INFO:data_prepare:Document Attaching 17/40
INFO:data_prepare:Document Attaching 18/40
INFO:data_prepare:Document Attaching 19/40
INFO:data_prepare:Document Attaching 20/40
INFO:data_prepare:Document Attaching 21/40
INFO:data_prepare:Document Attaching 22/40
INFO:data_prepare:Document Attaching 23/40
INFO:data_prepare:Document Attaching 24/40
INFO:data_prepare:Document Attaching 25/40
INFO:data_prepare:Document Attaching 26/40
INFO:data_prepare:Document Attaching 27/40
INFO:data_prepare:Document Attaching 28/40
INFO:data_prepare:Document Attaching 29/40
INFO:data_prepare:Document Attaching 30/40
INFO:data_prepare:Document Attaching 31/40
INFO:data_prepare:Document Attaching 32/40
INFO:data_prepare:Document Attaching 33/40
INFO:data_prepare:Document Attaching 34/40
INFO:data_prepare:Document Attaching 35/40
INFO:data_prepare:Document Attaching 36/40
INFO:data_prepare:Document Attaching 37/40
INFO:data_prepare:Document Attaching 38/40
INFO:data_prepare:Document Attaching 39/40
INFO:feature_extractors:Loaded language model:en_core_web_lg
INFO:data_prepare:Build dat set with 4 threads
INFO:data_prepare:Data Prepare - Thread-0: 0/10
INFO:data_prepare:Data Prepare - Thread-1: 0/10
INFO:data_prepare:Data Prepare - Thread-2: 0/10
INFO:data_prepare:Data Prepare - Thread-3: 0/10
INFO:data_prepare:Data Prepare - Thread-1: 1/10
INFO:data_prepare:Data Prepare - Thread-3: 1/10
INFO:data_prepare:Data Prepare - Thread-2: 1/10
INFO:data_prepare:Data Prepare - Thread-0: 1/10
INFO:data_prepare:Data Prepare - Thread-3: 2/10
INFO:data_prepare:Data Prepare - Thread-1: 2/10
INFO:data_prepare:Data Prepare - Thread-2: 2/10
INFO:data_prepare:Data Prepare - Thread-0: 2/10
INFO:data_prepare:Data Prepare - Thread-3: 3/10
INFO:data_prepare:Data Prepare - Thread-1: 3/10
INFO:data_prepare:Data Prepare - Thread-2: 3/10
INFO:data_prepare:Data Prepare - Thread-0: 3/10
INFO:data_prepare:Data Prepare - Thread-1: 4/10
INFO:data_prepare:Data Prepare - Thread-3: 4/10
INFO:data_prepare:Data Prepare - Thread-2: 4/10
INFO:data_prepare:Data Prepare - Thread-0: 4/10
INFO:data_prepare:Data Prepare - Thread-1: 5/10
INFO:data_prepare:Data Prepare - Thread-3: 5/10
INFO:data_prepare:Data Prepare - Thread-2: 5/10
INFO:data_prepare:Data Prepare - Thread-0: 5/10
INFO:data_prepare:Data Prepare - Thread-1: 6/10
INFO:data_prepare:Data Prepare - Thread-3: 6/10
INFO:data_prepare:Data Prepare - Thread-0: 6/10
INFO:data_prepare:Data Prepare - Thread-2: 6/10
INFO:data_prepare:Data Prepare - Thread-1: 7/10
INFO:data_prepare:Data Prepare - Thread-3: 7/10
INFO:data_prepare:Data Prepare - Thread-0: 7/10
INFO:data_prepare:Data Prepare - Thread-1: 8/10
INFO:data_prepare:Data Prepare - Thread-2: 7/10
INFO:data_prepare:Data Prepare - Thread-0: 8/10
INFO:data_prepare:Data Prepare - Thread-3: 8/10
INFO:data_prepare:Data Prepare - Thread-2: 8/10
INFO:data_prepare:Data Prepare - Thread-1: 9/10
INFO:data_prepare:Data Prepare - Thread-3: 9/10
INFO:data_prepare:Data Prepare - Thread-0: 9/10
INFO:data_prepare:Data Prepare - Thread-2: 9/10
INFO:data_prepare:Feature Vectors are pickled as classify_dataset.pickle
INFO:RNN:Start building network...
INFO:tensorflow:Restoring parameters from G:\Projects\NLPBox\SENET\src\..\data\model\rnn_vv0.02_all.ckpt
INFO:__main__:RNN Experiemtn in mode:classify Model Version: v0.02_all
INFO:data_prepare:Golden pair number:2869
INFO:data_prepare:40 Pairs will be classified.
INFO:data_prepare:Document Attaching 0/40
INFO:data_prepare:Document Attaching 1/40
INFO:data_prepare:Document Attaching 2/40
INFO:data_prepare:Document Attaching 3/40
INFO:data_prepare:Document Attaching 4/40
INFO:data_prepare:Document Attaching 5/40
INFO:data_prepare:Document Attaching 6/40
INFO:data_prepare:Document Attaching 7/40
INFO:data_prepare:Document Attaching 8/40
INFO:data_prepare:Document Attaching 9/40
INFO:data_prepare:Document Attaching 10/40
INFO:data_prepare:Document Attaching 11/40
INFO:data_prepare:Document Attaching 12/40
INFO:data_prepare:Document Attaching 13/40
INFO:data_prepare:Document Attaching 14/40
INFO:data_prepare:Document Attaching 15/40
INFO:data_prepare:Document Attaching 16/40
INFO:data_prepare:Document Attaching 17/40
INFO:data_prepare:Document Attaching 18/40
INFO:data_prepare:Document Attaching 19/40
INFO:data_prepare:Document Attaching 20/40
INFO:data_prepare:Document Attaching 21/40
INFO:data_prepare:Document Attaching 22/40
INFO:data_prepare:Document Attaching 23/40
INFO:data_prepare:Document Attaching 24/40
INFO:data_prepare:Document Attaching 25/40
INFO:data_prepare:Document Attaching 26/40
INFO:data_prepare:Document Attaching 27/40
INFO:data_prepare:Document Attaching 28/40
INFO:data_prepare:Document Attaching 29/40
INFO:data_prepare:Document Attaching 30/40
INFO:data_prepare:Document Attaching 31/40
INFO:data_prepare:Document Attaching 32/40
INFO:data_prepare:Document Attaching 33/40
INFO:data_prepare:Document Attaching 34/40
INFO:data_prepare:Document Attaching 35/40
INFO:data_prepare:Document Attaching 36/40
INFO:data_prepare:Document Attaching 37/40
INFO:data_prepare:Document Attaching 38/40
INFO:data_prepare:Document Attaching 39/40
INFO:feature_extractors:Loaded language model:en_core_web_lg
INFO:data_prepare:Build dat set with 4 threads
INFO:data_prepare:Data Prepare - Thread-0: 0/10
INFO:data_prepare:Data Prepare - Thread-1: 0/10
INFO:data_prepare:Data Prepare - Thread-2: 0/10
INFO:data_prepare:Data Prepare - Thread-3: 0/10
INFO:data_prepare:Data Prepare - Thread-0: 1/10
INFO:data_prepare:Data Prepare - Thread-2: 1/10
INFO:data_prepare:Data Prepare - Thread-1: 1/10
INFO:data_prepare:Data Prepare - Thread-3: 1/10
INFO:data_prepare:Data Prepare - Thread-1: 2/10
INFO:data_prepare:Data Prepare - Thread-2: 2/10
INFO:data_prepare:Data Prepare - Thread-0: 2/10
INFO:data_prepare:Data Prepare - Thread-3: 2/10
INFO:data_prepare:Data Prepare - Thread-2: 3/10
INFO:data_prepare:Data Prepare - Thread-0: 3/10
INFO:data_prepare:Data Prepare - Thread-1: 3/10
INFO:data_prepare:Data Prepare - Thread-3: 3/10
INFO:data_prepare:Data Prepare - Thread-2: 4/10
INFO:data_prepare:Data Prepare - Thread-1: 4/10
INFO:data_prepare:Data Prepare - Thread-0: 4/10
INFO:data_prepare:Data Prepare - Thread-3: 4/10
INFO:data_prepare:Data Prepare - Thread-2: 5/10
INFO:data_prepare:Data Prepare - Thread-0: 5/10
INFO:data_prepare:Data Prepare - Thread-3: 5/10
INFO:data_prepare:Data Prepare - Thread-1: 5/10
INFO:data_prepare:Data Prepare - Thread-2: 6/10
INFO:data_prepare:Data Prepare - Thread-3: 6/10
INFO:data_prepare:Data Prepare - Thread-0: 6/10
INFO:data_prepare:Data Prepare - Thread-1: 6/10
INFO:data_prepare:Data Prepare - Thread-2: 7/10
INFO:data_prepare:Data Prepare - Thread-3: 7/10
INFO:data_prepare:Data Prepare - Thread-0: 7/10
INFO:data_prepare:Data Prepare - Thread-1: 7/10
INFO:data_prepare:Data Prepare - Thread-2: 8/10
INFO:data_prepare:Data Prepare - Thread-3: 8/10
INFO:data_prepare:Data Prepare - Thread-0: 8/10
INFO:data_prepare:Data Prepare - Thread-1: 8/10
INFO:data_prepare:Data Prepare - Thread-2: 9/10
INFO:data_prepare:Data Prepare - Thread-0: 9/10
INFO:data_prepare:Data Prepare - Thread-3: 9/10
INFO:data_prepare:Data Prepare - Thread-1: 9/10
INFO:data_prepare:Feature Vectors are pickled as classify_dataset.pickle
INFO:RNN:Start building network...
INFO:tensorflow:Restoring parameters from G:\Projects\NLPBox\SENET\src\..\data\model\rnn_vv0.02_all.ckpt
